<?xml version="1.0" encoding="UTF-8"?>
<testsuite xmlns:xsi="http://www.w3.org/2001/XMLSchema-instance" xsi:noNamespaceSchemaLocation="https://maven.apache.org/surefire/maven-surefire-plugin/xsd/surefire-test-report.xsd" version="3.0.1" name="Kite and Groww login" time="34.248" tests="2" errors="0" skipped="0" failures="0">
  <properties>
[...]
</properties>
  <testcase name="Login to Kite and land on home page" classname="Kite and Groww login" time="19.42">
    <system-out><![CDATA[before scenario
Login to Kite and land on home page
TAGS : [@demo]
before step
-------------------------STEP INIT-----------------
orangehrmUrl17
before step
after scenario
Login to Kite and land on home page
STATUS PASSED
]]></system-out>
    <system-err><![CDATA[Jul 17, 2024 12:01:22 PM org.openqa.selenium.remote.tracing.opentelemetry.OpenTelemetryTracer createTracer
INFO: Using OpenTelemetry for tracing
]]></system-err>
  </testcase>
  <testcase name="Login to Groww and land on home page" classname="Kite and Groww login" time="14.828">
    <system-out><![CDATA[before scenario
Login to Groww and land on home page
TAGS : [@demo]
before step
-------------------------STEP INIT-----------------
growwUrl17
before step
after scenario
Login to Groww and land on home page
STATUS PASSED
]]></system-out>
  </testcase>
</testsuite>